<?xml version="1.0" encoding="UTF-8"?>

<beans xmlns="http://www.springframework.org/schema/beans"
       xmlns:xsi="http://www.w3.org/2001/XMLSchema-instance"
       xsi:schemaLocation="http://www.springframework.org/schema/beans http://www.springframework.org/schema/beans/spring-beans.xsd">

  <bean id="dataSource" class="org.springframework.jdbc.datasource.SimpleDriverDataSource">
    <property name="driverClass" value="com.mysql.cj.jdbc.Driver"/>
    <property name="url" value="jdbc:mysql://localhost:3306/testdb?serverTimezone=UTC"/>
    <property name="username" value="root"/>
    <property name="password" value="1234"/>
  </bean>

  <bean id="userLevelUpgradePolicy" class="springbook.user.service.UserLevelUpgradePolicyImpl">
      <property name="userDao" ref="userDao"/>
  </bean>

  <bean id="userService" class="springbook.user.service.UserServiceTx">
    <property name="transactionManager" ref="transactionManager"/>
    <property name="userService" ref="userServiceImpl"/>
  </bean>

  <bean id="userServiceImpl" class="springbook.user.service.UserServiceImpl">
    <property name="userDao" ref="userDao"/>
    <property name="mailSender" ref="mailSender"/>
  </bean>

  <bean id="userDao" class="springbook.user.dao.UserDaoJdbc">
    <property name="jdbcTemplate" ref="jdbcTemplate"/>
  </bean>

  <bean id="jdbcTemplate" class="org.springframework.jdbc.core.JdbcTemplate">
    <property name="dataSource" ref="dataSource"/>
  </bean>

  <bean id="transactionManager" class="org.springframework.jdbc.datasource.DataSourceTransactionManager">
    <property name="dataSource" ref="dataSource"/>
  </bean>

  <!--<bean id="mailSender" class="org.springframework.mail.javamail.JavaMailSenderImpl">-->
  <bean id="mailSender" class="springbook.user.service.DummyMailSender">
  <!--<property name="host" value="mail.server.com"/>-->
  </bean>
</beans>
